[0.252s] Invoking command in '/home/aiebu01/exam_ws/build/pub_sub': PYTHONPATH=/home/aiebu01/exam_ws/build/pub_sub/prefix_override:/usr/lib/python3/dist-packages/colcon_core/task/python/colcon_distutils_commands:/home/aiebu01/exam_ws/install/pub_sub/lib/python3.10/site-packages:${PYTHONPATH} /usr/bin/python3 -W ignore:setup.py install is deprecated -W ignore:easy_install command is deprecated setup.py develop --editable --build-directory /home/aiebu01/exam_ws/build/pub_sub/build --no-deps symlink_data
[0.359s] running develop
[0.417s] running egg_info
[0.417s] creating pub_sub.egg-info
[0.417s] writing pub_sub.egg-info/PKG-INFO
[0.417s] writing dependency_links to pub_sub.egg-info/dependency_links.txt
[0.417s] writing entry points to pub_sub.egg-info/entry_points.txt
[0.418s] writing requirements to pub_sub.egg-info/requires.txt
[0.418s] writing top-level names to pub_sub.egg-info/top_level.txt
[0.418s] writing manifest file 'pub_sub.egg-info/SOURCES.txt'
[0.418s] reading manifest file 'pub_sub.egg-info/SOURCES.txt'
[0.418s] writing manifest file 'pub_sub.egg-info/SOURCES.txt'
[0.419s] running build_ext
[0.419s] Creating /home/aiebu01/exam_ws/install/pub_sub/lib/python3.10/site-packages/pub-sub.egg-link (link to .)
[0.419s] Installing talker script to /home/aiebu01/exam_ws/install/pub_sub/lib/pub_sub
[0.419s] 
[0.419s] Installed /home/aiebu01/exam_ws/build/pub_sub
[0.419s] running symlink_data
[0.419s] creating /home/aiebu01/exam_ws/install/pub_sub/share/ament_index
[0.419s] creating /home/aiebu01/exam_ws/install/pub_sub/share/ament_index/resource_index
[0.419s] creating /home/aiebu01/exam_ws/install/pub_sub/share/ament_index/resource_index/packages
[0.419s] symbolically linking /home/aiebu01/exam_ws/build/pub_sub/resource/pub_sub -> /home/aiebu01/exam_ws/install/pub_sub/share/ament_index/resource_index/packages
[0.419s] symbolically linking /home/aiebu01/exam_ws/build/pub_sub/package.xml -> /home/aiebu01/exam_ws/install/pub_sub/share/pub_sub
[0.431s] Invoked command in '/home/aiebu01/exam_ws/build/pub_sub' returned '0': PYTHONPATH=/home/aiebu01/exam_ws/build/pub_sub/prefix_override:/usr/lib/python3/dist-packages/colcon_core/task/python/colcon_distutils_commands:/home/aiebu01/exam_ws/install/pub_sub/lib/python3.10/site-packages:${PYTHONPATH} /usr/bin/python3 -W ignore:setup.py install is deprecated -W ignore:easy_install command is deprecated setup.py develop --editable --build-directory /home/aiebu01/exam_ws/build/pub_sub/build --no-deps symlink_data
